<?xml version="1.0" encoding="UTF-8"?>
<testsuite name="Busqueda de contenido en la app de farmatodo" tests="1" skipped="0" failures="0" errors="0" timestamp="2022-07-04T19:26:17" hostname="SQAT1MDEWIN63" time="232.843">
  <properties/>
  <testcase name="Busqueda exitosa" classname="Busqueda de contenido en la app de farmatodo" time="232.843"/>
  <system-out><![CDATA[]]></system-out>
  <system-err><![CDATA[jul 04, 2022 2:27:10 PM io.appium.java_client.remote.AppiumCommandExecutor$1 lambda$0
INFORMACIÓN: Detected dialect: W3C
[Test worker] INFO net.thucydides.core.steps.ConsoleLoggingListener - 
        __    _____ _____ ____ _____   ____   _    ____  ____  _____ ____  
  _     \ \  |_   _| ____/ ___|_   _| |  _ \ / \  / ___|/ ___|| ____|  _ \ 
 (_)_____| |   | | |  _| \___ \ | |   | |_) / _ \ \___ \\___ \|  _| | | | |
  _|_____| |   | | | |___ ___) || |   |  __/ ___ \ ___) |___) | |___| |_| |
 (_)     | |   |_| |_____|____/ |_|   |_| /_/   \_\____/|____/|_____|____/ 
        /_/                                                                

TEST PASSED: Busqueda exitosa
----------------------------------------------------------------------------
]]></system-err>
</testsuite>
